-- The C compiler identification is GNU 5.4.0
-- The CXX compiler identification is GNU 5.4.0
-- Check for working C compiler: /usr/bin/cc
-- Check for working C compiler: /usr/bin/cc -- works
-- Detecting C compiler ABI info
-- Detecting C compiler ABI info - done
-- Detecting C compile features
-- Detecting C compile features - done
-- Check for working CXX compiler: /usr/bin/c++
-- Check for working CXX compiler: /usr/bin/c++ -- works
-- Detecting CXX compiler ABI info
-- Detecting CXX compiler ABI info - done
-- Detecting CXX compile features
-- Detecting CXX compile features - done
-- Found EVENT: /usr/include  
-- Configuring done
-- Generating done
-- Build files have been written to: /home/pou/Desktop/Mp2-BwManagementApi/ll-mec/build
Scanning dependencies of target DATA
Scanning dependencies of target UTIL
Scanning dependencies of target FLUIDBASE
Scanning dependencies of target FLUIDMSG
Scanning dependencies of target NORTH_API
[  2%] Building CXX object CMakeFiles/DATA.dir/src/data/context_manager.cc.o
[  4%] Building CXX object CMakeFiles/UTIL.dir/src/util/input_parser.cc.o
[  6%] Building CXX object CMakeFiles/FLUIDBASE.dir/src/driver/fluidbase/fluid/base/BaseOFConnection.cc.o
[  8%] Building CXX object CMakeFiles/FLUIDBASE.dir/src/driver/fluidbase/fluid/base/EventLoop.cc.o
[ 10%] Building CXX object CMakeFiles/FLUIDMSG.dir/src/driver/fluidmsg/fluid/util/ethaddr.cc.o
[ 13%] Building CXX object CMakeFiles/NORTH_API.dir/src/north_api/stats_rest_calls.cc.o
[ 15%] Building CXX object CMakeFiles/FLUIDBASE.dir/src/driver/fluidbase/fluid/base/BaseOFServer.cc.o
[ 17%] Building CXX object CMakeFiles/FLUIDBASE.dir/src/driver/fluidbase/fluid/OFConnection.cc.o
[ 19%] Building CXX object CMakeFiles/NORTH_API.dir/src/north_api/ue_rest_calls.cc.o
[ 21%] Building CXX object CMakeFiles/FLUIDBASE.dir/src/driver/fluidbase/fluid/OFServerSettings.cc.o
[ 23%] Building CXX object CMakeFiles/FLUIDBASE.dir/src/driver/fluidbase/fluid/OFServer.cc.o
In file included from /home/pou/Desktop/Mp2-BwManagementApi/ll-mec/src/driver/fluidmsg/fluid/ofcommon/action.hh:6:0,
                 from /home/pou/Desktop/Mp2-BwManagementApi/ll-mec/src/driver/fluidmsg/fluid/ofcommon/msg.hh:5,
                 from /home/pou/Desktop/Mp2-BwManagementApi/ll-mec/src/driver/fluidmsg/fluid/of10msg.hh:4,
                 from /home/pou/Desktop/Mp2-BwManagementApi/ll-mec/src/core/eps/of_interface.h:35,
                 from /home/pou/Desktop/Mp2-BwManagementApi/ll-mec/src/app/app.h:34,
                 from /home/pou/Desktop/Mp2-BwManagementApi/ll-mec/src/app/stats/stats_manager.h:34,
                 from /home/pou/Desktop/Mp2-BwManagementApi/ll-mec/src/north_api/stats_rest_calls.h:37,
                 from /home/pou/Desktop/Mp2-BwManagementApi/ll-mec/src/north_api/stats_rest_calls.cc:33:
/home/pou/Desktop/Mp2-BwManagementApi/ll-mec/src/driver/fluidmsg/fluid/util/util.h:67:0: warning: "UNUSED" redefined
 #define UNUSED __attribute__((__unused__))
 ^
In file included from /usr/local/include/pistache/os.h:10:0,
                 from /usr/local/include/pistache/stream.h:9,
                 from /usr/local/include/pistache/http.h:24,
                 from /home/pou/Desktop/Mp2-BwManagementApi/ll-mec/src/north_api/stats_rest_calls.h:34,
                 from /home/pou/Desktop/Mp2-BwManagementApi/ll-mec/src/north_api/stats_rest_calls.cc:33:
/usr/local/include/pistache/common.h:63:0: note: this is the location of the previous definition
 #define UNUSED(x) (void)(x);
 ^
In file included from /home/pou/Desktop/Mp2-BwManagementApi/ll-mec/src/driver/fluidmsg/fluid/ofcommon/action.hh:6:0,
                 from /home/pou/Desktop/Mp2-BwManagementApi/ll-mec/src/driver/fluidmsg/fluid/ofcommon/msg.hh:5,
                 from /home/pou/Desktop/Mp2-BwManagementApi/ll-mec/src/driver/fluidmsg/fluid/of10msg.hh:4,
                 from /home/pou/Desktop/Mp2-BwManagementApi/ll-mec/src/core/eps/of_interface.h:35,
                 from /home/pou/Desktop/Mp2-BwManagementApi/ll-mec/src/app/app.h:34,
                 from /home/pou/Desktop/Mp2-BwManagementApi/ll-mec/src/app/uplane/ue_manager.h:36,
                 from /home/pou/Desktop/Mp2-BwManagementApi/ll-mec/src/north_api/ue_rest_calls.h:37,
                 from /home/pou/Desktop/Mp2-BwManagementApi/ll-mec/src/north_api/ue_rest_calls.cc:34:
/home/pou/Desktop/Mp2-BwManagementApi/ll-mec/src/driver/fluidmsg/fluid/util/util.h:67:0: warning: "UNUSED" redefined
 #define UNUSED __attribute__((__unused__))
 ^
In file included from /usr/local/include/pistache/os.h:10:0,
                 from /usr/local/include/pistache/stream.h:9,
                 from /usr/local/include/pistache/http.h:24,
                 from /home/pou/Desktop/Mp2-BwManagementApi/ll-mec/src/north_api/ue_rest_calls.cc:30:
/usr/local/include/pistache/common.h:63:0: note: this is the location of the previous definition
 #define UNUSED(x) (void)(x);
 ^
[ 26%] Building CXX object CMakeFiles/FLUIDBASE.dir/src/driver/fluidbase/fluid/TLS.cc.o
[ 28%] Building CXX object CMakeFiles/FLUIDMSG.dir/src/driver/fluidmsg/fluid/util/ipaddr.cc.o
[ 30%] Building CXX object CMakeFiles/FLUIDMSG.dir/src/driver/fluidmsg/fluid/ofcommon/msg.cc.o
[ 32%] Building CXX object CMakeFiles/FLUIDMSG.dir/src/driver/fluidmsg/fluid/ofcommon/action.cc.o
[ 34%] Building CXX object CMakeFiles/FLUIDMSG.dir/src/driver/fluidmsg/fluid/ofcommon/common.cc.o
[ 36%] Building CXX object CMakeFiles/FLUIDMSG.dir/src/driver/fluidmsg/fluid/of10/of10action.cc.o
[ 39%] Building CXX object CMakeFiles/FLUIDMSG.dir/src/driver/fluidmsg/fluid/of10/of10common.cc.o
[ 41%] Building CXX object CMakeFiles/FLUIDMSG.dir/src/driver/fluidmsg/fluid/of10/of10match.cc.o
[ 43%] Building CXX object CMakeFiles/FLUIDMSG.dir/src/driver/fluidmsg/fluid/of13/of13instruction.cc.o
[ 45%] Building CXX object CMakeFiles/FLUIDMSG.dir/src/driver/fluidmsg/fluid/of13/of13action.cc.o
[ 47%] Building CXX object CMakeFiles/FLUIDMSG.dir/src/driver/fluidmsg/fluid/of13/of13meter.cc.o
[ 50%] Building CXX object CMakeFiles/FLUIDMSG.dir/src/driver/fluidmsg/fluid/of13/of13common.cc.o
[ 52%] Building CXX object CMakeFiles/FLUIDMSG.dir/src/driver/fluidmsg/fluid/of13/of13match.cc.o
[ 54%] Building CXX object CMakeFiles/FLUIDMSG.dir/src/driver/fluidmsg/fluid/of10msg.cc.o
[ 56%] Linking CXX static library lib/libUTIL.a
[ 56%] Built target UTIL
[ 58%] Building CXX object CMakeFiles/FLUIDMSG.dir/src/driver/fluidmsg/fluid/of13msg.cc.o
[ 60%] Linking CXX static library lib/libFLUIDBASE.a
[ 60%] Built target FLUIDBASE
[ 63%] Building CXX object CMakeFiles/NORTH_API.dir/src/north_api/rest_manager.cc.o
[ 65%] Linking CXX static library lib/libDATA.a
[ 67%] Linking CXX static library lib/libFLUIDMSG.a
[ 67%] Built target DATA
[ 67%] Built target FLUIDMSG
Scanning dependencies of target EPS
[ 69%] Building CXX object CMakeFiles/EPS.dir/src/core/eps/conf.cc.o
[ 73%] Building CXX object CMakeFiles/EPS.dir/src/core/eps/of_interface.cc.o
[ 73%] Building CXX object CMakeFiles/EPS.dir/src/core/eps/controller.cc.o
[ 76%] Linking CXX static library lib/libNORTH_API.a
[ 76%] Built target NORTH_API
[ 78%] Linking CXX static library lib/libEPS.a
[ 78%] Built target EPS
Scanning dependencies of target CORE
[ 80%] Building CXX object CMakeFiles/CORE.dir/src/core/rt_wrapper.cc.o
[ 82%] Building CXX object CMakeFiles/CORE.dir/src/core/task.cc.o
[ 84%] Linking CXX static library lib/libCORE.a
[ 84%] Built target CORE
Scanning dependencies of target APP
[ 86%] Building CXX object CMakeFiles/APP.dir/src/app/sgwc/sgwc.cc.o
[ 93%] Building CXX object CMakeFiles/APP.dir/src/app/switch_manager/switch_manager.cc.o
[ 93%] Building CXX object CMakeFiles/APP.dir/src/app/stats/stats_manager.cc.o
[ 93%] Building CXX object CMakeFiles/APP.dir/src/app/uplane/ue_manager.cc.o
[ 95%] Linking CXX static library lib/libAPP.a
[ 95%] Built target APP
Scanning dependencies of target ll-mec
[ 97%] Building CXX object CMakeFiles/ll-mec.dir/targets/ll-mec/ll-mec.cc.o
In file included from /home/pou/Desktop/Mp2-BwManagementApi/ll-mec/src/driver/fluidmsg/fluid/ofcommon/action.hh:6:0,
                 from /home/pou/Desktop/Mp2-BwManagementApi/ll-mec/src/driver/fluidmsg/fluid/ofcommon/msg.hh:5,
                 from /home/pou/Desktop/Mp2-BwManagementApi/ll-mec/src/driver/fluidmsg/fluid/of10msg.hh:4,
                 from /home/pou/Desktop/Mp2-BwManagementApi/ll-mec/src/core/eps/of_interface.h:35,
                 from /home/pou/Desktop/Mp2-BwManagementApi/ll-mec/src/app/app.h:34,
                 from /home/pou/Desktop/Mp2-BwManagementApi/ll-mec/src/core/eps/controller.h:44,
                 from /home/pou/Desktop/Mp2-BwManagementApi/ll-mec/targets/ll-mec/ll-mec.cc:35:
/home/pou/Desktop/Mp2-BwManagementApi/ll-mec/src/driver/fluidmsg/fluid/util/util.h:67:0: warning: "UNUSED" redefined
 #define UNUSED __attribute__((__unused__))
 ^
In file included from /usr/local/include/pistache/tcp.h:14:0,
                 from /usr/local/include/pistache/listener.h:9,
                 from /usr/local/include/pistache/endpoint.h:9,
                 from /home/pou/Desktop/Mp2-BwManagementApi/ll-mec/targets/ll-mec/ll-mec.cc:33:
/usr/local/include/pistache/common.h:63:0: note: this is the location of the previous definition
 #define UNUSED(x) (void)(x);
 ^
[100%] Linking CXX executable ../ll-mec
[100%] Built target ll-mec
