  table 0 ("classifier"):
    metadata: match=0xffffffffffffffff write=0xffffffffffffffff
    max_entries=1000000
    instructions (table miss and others):
      next tables: 1-253
      instructions: meter,apply_actions,clear_actions,write_actions,write_metadata,goto_table
      Write-Actions and Apply-Actions features:
        actions: output group set_field strip_vlan push_vlan mod_nw_ttl dec_ttl set_mpls_ttl dec_mpls_ttl push_mpls pop_mpls set_queue
        supported on Set-Field: tun_id tun_src tun_dst tun_ipv6_src tun_ipv6_dst tun_flags tun_gbp_id tun_gbp_flags tun_metadata0 tun_metadata1 tun_metadata2 tun_metadata3 tun_metadata4 tun_metadata5 tun_metadata6 tun_metadata7 tun_metadata8 tun_metadata9 tun_metadata10 tun_metadata11 tun_metadata12 tun_metadata13 tun_metadata14 tun_metadata15 tun_metadata16 tun_metadata17 tun_metadata18 tun_metadata19 tun_metadata20 tun_metadata21 tun_metadata22 tun_metadata23 tun_metadata24 tun_metadata25 tun_metadata26 tun_metadata27 tun_metadata28 tun_metadata29 tun_metadata30 tun_metadata31 tun_metadata32 tun_metadata33 tun_metadata34 tun_metadata35 tun_metadata36 tun_metadata37 tun_metadata38 tun_metadata39 tun_metadata40 tun_metadata41 tun_metadata42 tun_metadata43 tun_metadata44 tun_metadata45 tun_metadata46 tun_metadata47 tun_metadata48 tun_metadata49 tun_metadata50 tun_metadata51 tun_metadata52 tun_metadata53 tun_metadata54 tun_metadata55 tun_metadata56 tun_metadata57 tun_metadata58 tun_metadata59 tun_metadata60 tun_metadata61 tun_metadata62 tun_metadata63 metadata in_port in_port_oxm pkt_mark ct_mark ct_label reg0 reg1 reg2 reg3 reg4 reg5 reg6 reg7 reg8 reg9 reg10 reg11 reg12 reg13 reg14 reg15 xreg0 xreg1 xreg2 xreg3 xreg4 xreg5 xreg6 xreg7 xxreg0 xxreg1 xxreg2 xxreg3 eth_src eth_dst vlan_tci vlan_vid vlan_pcp mpls_label mpls_tc mpls_ttl ip_src ip_dst ipv6_src ipv6_dst ipv6_label nw_tos ip_dscp nw_ecn nw_ttl arp_op arp_spa arp_tpa arp_sha arp_tha tcp_src tcp_dst udp_src udp_dst sctp_src sctp_dst icmp_type icmp_code icmpv6_type icmpv6_code nd_target nd_sll nd_tll
    matching:
      dp_hash: arbitrary mask
      recirc_id: exact match or wildcard
      conj_id: exact match or wildcard
      tun_id: arbitrary mask
      tun_src: arbitrary mask
      tun_dst: arbitrary mask
      tun_ipv6_src: arbitrary mask
      tun_ipv6_dst: arbitrary mask
      tun_flags: arbitrary mask
      tun_gbp_id: arbitrary mask
      tun_gbp_flags: arbitrary mask
      tun_metadata0: arbitrary mask
      tun_metadata1: arbitrary mask
      tun_metadata2: arbitrary mask
      tun_metadata3: arbitrary mask
      tun_metadata4: arbitrary mask
      tun_metadata5: arbitrary mask
      tun_metadata6: arbitrary mask
      tun_metadata7: arbitrary mask
      tun_metadata8: arbitrary mask
      tun_metadata9: arbitrary mask
      tun_metadata10: arbitrary mask
      tun_metadata11: arbitrary mask
      tun_metadata12: arbitrary mask
      tun_metadata13: arbitrary mask
      tun_metadata14: arbitrary mask
      tun_metadata15: arbitrary mask
      tun_metadata16: arbitrary mask
      tun_metadata17: arbitrary mask
      tun_metadata18: arbitrary mask
      tun_metadata19: arbitrary mask
      tun_metadata20: arbitrary mask
      tun_metadata21: arbitrary mask
      tun_metadata22: arbitrary mask
      tun_metadata23: arbitrary mask
      tun_metadata24: arbitrary mask
      tun_metadata25: arbitrary mask
      tun_metadata26: arbitrary mask
      tun_metadata27: arbitrary mask
      tun_metadata28: arbitrary mask
      tun_metadata29: arbitrary mask
      tun_metadata30: arbitrary mask
      tun_metadata31: arbitrary mask
      tun_metadata32: arbitrary mask
      tun_metadata33: arbitrary mask
      tun_metadata34: arbitrary mask
      tun_metadata35: arbitrary mask
      tun_metadata36: arbitrary mask
      tun_metadata37: arbitrary mask
      tun_metadata38: arbitrary mask
      tun_metadata39: arbitrary mask
      tun_metadata40: arbitrary mask
      tun_metadata41: arbitrary mask
      tun_metadata42: arbitrary mask
      tun_metadata43: arbitrary mask
      tun_metadata44: arbitrary mask
      tun_metadata45: arbitrary mask
      tun_metadata46: arbitrary mask
      tun_metadata47: arbitrary mask
      tun_metadata48: arbitrary mask
      tun_metadata49: arbitrary mask
      tun_metadata50: arbitrary mask
      tun_metadata51: arbitrary mask
      tun_metadata52: arbitrary mask
      tun_metadata53: arbitrary mask
      tun_metadata54: arbitrary mask
      tun_metadata55: arbitrary mask
      tun_metadata56: arbitrary mask
      tun_metadata57: arbitrary mask
      tun_metadata58: arbitrary mask
      tun_metadata59: arbitrary mask
      tun_metadata60: arbitrary mask
      tun_metadata61: arbitrary mask
      tun_metadata62: arbitrary mask
      tun_metadata63: arbitrary mask
      metadata: arbitrary mask
      in_port: exact match or wildcard
      in_port_oxm: exact match or wildcard
      actset_output: exact match or wildcard
      pkt_mark: arbitrary mask
      ct_state: arbitrary mask
      ct_zone: exact match or wildcard
      ct_mark: arbitrary mask
      ct_label: arbitrary mask
      ct_nw_proto: exact match or wildcard
      ct_nw_src: arbitrary mask
      ct_nw_dst: arbitrary mask
      ct_ipv6_src: arbitrary mask
      ct_ipv6_dst: arbitrary mask
      ct_tp_src: arbitrary mask
      ct_tp_dst: arbitrary mask
      reg0: arbitrary mask
      reg1: arbitrary mask
      reg2: arbitrary mask
      reg3: arbitrary mask
      reg4: arbitrary mask
      reg5: arbitrary mask
      reg6: arbitrary mask
      reg7: arbitrary mask
      reg8: arbitrary mask
      reg9: arbitrary mask
      reg10: arbitrary mask
      reg11: arbitrary mask
      reg12: arbitrary mask
      reg13: arbitrary mask
      reg14: arbitrary mask
      reg15: arbitrary mask
      xreg0: arbitrary mask
      xreg1: arbitrary mask
      xreg2: arbitrary mask
      xreg3: arbitrary mask
      xreg4: arbitrary mask
      xreg5: arbitrary mask
      xreg6: arbitrary mask
      xreg7: arbitrary mask
      xxreg0: arbitrary mask
      xxreg1: arbitrary mask
      xxreg2: arbitrary mask
      xxreg3: arbitrary mask
      eth_src: arbitrary mask
      eth_dst: arbitrary mask
      eth_type: exact match or wildcard
      vlan_tci: arbitrary mask
      vlan_vid: arbitrary mask
      vlan_pcp: exact match or wildcard
      mpls_label: exact match or wildcard
      mpls_tc: exact match or wildcard
      mpls_bos: exact match or wildcard
      mpls_ttl: exact match or wildcard
      ip_src: arbitrary mask
      ip_dst: arbitrary mask
      ipv6_src: arbitrary mask
      ipv6_dst: arbitrary mask
      ipv6_label: arbitrary mask
      nw_proto: exact match or wildcard
      nw_tos: exact match or wildcard
      ip_dscp: exact match or wildcard
      nw_ecn: exact match or wildcard
      nw_ttl: exact match or wildcard
      ip_frag: arbitrary mask
      arp_op: exact match or wildcard
      arp_spa: arbitrary mask
      arp_tpa: arbitrary mask
      arp_sha: arbitrary mask
      arp_tha: arbitrary mask
      tcp_src: arbitrary mask
      tcp_dst: arbitrary mask
      tcp_flags: arbitrary mask
      udp_src: arbitrary mask
      udp_dst: arbitrary mask
      sctp_src: arbitrary mask
      sctp_dst: arbitrary mask
      icmp_type: exact match or wildcard
      icmp_code: exact match or wildcard
      icmpv6_type: exact match or wildcard
      icmpv6_code: exact match or wildcard
      nd_target: arbitrary mask
      nd_sll: arbitrary mask
      nd_tll: arbitrary mask

  table 1 ("table1"):
    metadata: match=0xffffffffffffffff write=0xffffffffffffffff
    max_entries=1000000
    instructions (table miss and others):
      next tables: 2-253
      (same instructions)
      (same actions)
    (same matching)

  table 2 ("table2"):
    metadata: match=0xffffffffffffffff write=0xffffffffffffffff
    max_entries=1000000
    instructions (table miss and others):
      next tables: 3-253
      (same instructions)
      (same actions)
    (same matching)

  table 3 ("table3"):
    metadata: match=0xffffffffffffffff write=0xffffffffffffffff
    max_entries=1000000
    instructions (table miss and others):
      next tables: 4-253
      (same instructions)
      (same actions)
    (same matching)

  table 4 ("table4"):
    metadata: match=0xffffffffffffffff write=0xffffffffffffffff
    max_entries=1000000
    instructions (table miss and others):
      next tables: 5-253
      (same instructions)
      (same actions)
    (same matching)

  table 5 ("table5"):
    metadata: match=0xffffffffffffffff write=0xffffffffffffffff
    max_entries=1000000
    instructions (table miss and others):
      next tables: 6-253
      (same instructions)
      (same actions)
    (same matching)

  table 6 ("table6"):
    metadata: match=0xffffffffffffffff write=0xffffffffffffffff
    max_entries=1000000
    instructions (table miss and others):
      next tables: 7-253
      (same instructions)
      (same actions)
    (same matching)

  table 7 ("table7"):
    metadata: match=0xffffffffffffffff write=0xffffffffffffffff
    max_entries=1000000
    instructions (table miss and others):
      next tables: 8-253
      (same instructions)
      (same actions)
    (same matching)

  table 8 ("table8"):
    metadata: match=0xffffffffffffffff write=0xffffffffffffffff
    max_entries=1000000
    instructions (table miss and others):
      next tables: 9-253
      (same instructions)
      (same actions)
    (same matching)

  table 9 ("table9"):
    metadata: match=0xffffffffffffffff write=0xffffffffffffffff
    max_entries=1000000
    instructions (table miss and others):
      next tables: 10-253
      (same instructions)
      (same actions)
    (same matching)

  table 10 ("table10"):
    metadata: match=0xffffffffffffffff write=0xffffffffffffffff
    max_entries=1000000
    instructions (table miss and others):
      next tables: 11-253
      (same instructions)
      (same actions)
    (same matching)

  table 11 ("table11"):
    metadata: match=0xffffffffffffffff write=0xffffffffffffffff
    max_entries=1000000
    instructions (table miss and others):
      next tables: 12-253
      (same instructions)
      (same actions)
    (same matching)

  table 12 ("table12"):
    metadata: match=0xffffffffffffffff write=0xffffffffffffffff
    max_entries=1000000
    instructions (table miss and others):
      next tables: 13-253
      (same instructions)
      (same actions)
    (same matching)

  table 13 ("table13"):
    metadata: match=0xffffffffffffffff write=0xffffffffffffffff
    max_entries=1000000
    instructions (table miss and others):
      next tables: 14-253
      (same instructions)
      (same actions)
    (same matching)

  table 14 ("table14"):
    metadata: match=0xffffffffffffffff write=0xffffffffffffffff
    max_entries=1000000
    instructions (table miss and others):
      next tables: 15-253
      (same instructions)
      (same actions)
    (same matching)

  table 15 ("table15"):
    metadata: match=0xffffffffffffffff write=0xffffffffffffffff
    max_entries=1000000
    instructions (table miss and others):
      next tables: 16-253
      (same instructions)
      (same actions)
    (same matching)

  table 16 ("table16"):
    metadata: match=0xffffffffffffffff write=0xffffffffffffffff
    max_entries=1000000
    instructions (table miss and others):
      next tables: 17-253
      (same instructions)
      (same actions)
    (same matching)

  table 17 ("table17"):
    metadata: match=0xffffffffffffffff write=0xffffffffffffffff
    max_entries=1000000
    instructions (table miss and others):
      next tables: 18-253
      (same instructions)
      (same actions)
    (same matching)

  table 18 ("table18"):
    metadata: match=0xffffffffffffffff write=0xffffffffffffffff
    max_entries=1000000
    instructions (table miss and others):
      next tables: 19-253
      (same instructions)
      (same actions)
    (same matching)

  table 19 ("table19"):
    metadata: match=0xffffffffffffffff write=0xffffffffffffffff
    max_entries=1000000
    instructions (table miss and others):
      next tables: 20-253
      (same instructions)
      (same actions)
    (same matching)

  table 20 ("table20"):
    metadata: match=0xffffffffffffffff write=0xffffffffffffffff
    max_entries=1000000
    instructions (table miss and others):
      next tables: 21-253
      (same instructions)
      (same actions)
    (same matching)

  table 21 ("table21"):
    metadata: match=0xffffffffffffffff write=0xffffffffffffffff
    max_entries=1000000
    instructions (table miss and others):
      next tables: 22-253
      (same instructions)
      (same actions)
    (same matching)

  table 22 ("table22"):
    metadata: match=0xffffffffffffffff write=0xffffffffffffffff
    max_entries=1000000
    instructions (table miss and others):
      next tables: 23-253
      (same instructions)
      (same actions)
    (same matching)

  table 23 ("table23"):
    metadata: match=0xffffffffffffffff write=0xffffffffffffffff
    max_entries=1000000
    instructions (table miss and others):
      next tables: 24-253
      (same instructions)
      (same actions)
    (same matching)

  table 24 ("table24"):
    metadata: match=0xffffffffffffffff write=0xffffffffffffffff
    max_entries=1000000
    instructions (table miss and others):
      next tables: 25-253
      (same instructions)
      (same actions)
    (same matching)

  table 25 ("table25"):
    metadata: match=0xffffffffffffffff write=0xffffffffffffffff
    max_entries=1000000
    instructions (table miss and others):
      next tables: 26-253
      (same instructions)
      (same actions)
    (same matching)

  table 26 ("table26"):
    metadata: match=0xffffffffffffffff write=0xffffffffffffffff
    max_entries=1000000
    instructions (table miss and others):
      next tables: 27-253
      (same instructions)
      (same actions)
    (same matching)

  table 27 ("table27"):
    metadata: match=0xffffffffffffffff write=0xffffffffffffffff
    max_entries=1000000
    instructions (table miss and others):
      next tables: 28-253
      (same instructions)
      (same actions)
    (same matching)

  table 28 ("table28"):
    metadata: match=0xffffffffffffffff write=0xffffffffffffffff
    max_entries=1000000
    instructions (table miss and others):
      next tables: 29-253
      (same instructions)
      (same actions)
    (same matching)

  table 29 ("table29"):
    metadata: match=0xffffffffffffffff write=0xffffffffffffffff
    max_entries=1000000
    instructions (table miss and others):
      next tables: 30-253
      (same instructions)
      (same actions)
    (same matching)

  table 30 ("table30"):
    metadata: match=0xffffffffffffffff write=0xffffffffffffffff
    max_entries=1000000
    instructions (table miss and others):
      next tables: 31-253
      (same instructions)
      (same actions)
    (same matching)

  table 31 ("table31"):
    metadata: match=0xffffffffffffffff write=0xffffffffffffffff
    max_entries=1000000
    instructions (table miss and others):
      next tables: 32-253
      (same instructions)
      (same actions)
    (same matching)

  table 32 ("table32"):
    metadata: match=0xffffffffffffffff write=0xffffffffffffffff
    max_entries=1000000
    instructions (table miss and others):
      next tables: 33-253
      (same instructions)
      (same actions)
    (same matching)

  table 33 ("table33"):
    metadata: match=0xffffffffffffffff write=0xffffffffffffffff
    max_entries=1000000
    instructions (table miss and others):
      next tables: 34-253
      (same instructions)
      (same actions)
    (same matching)

  table 34 ("table34"):
    metadata: match=0xffffffffffffffff write=0xffffffffffffffff
    max_entries=1000000
    instructions (table miss and others):
      next tables: 35-253
      (same instructions)
      (same actions)
    (same matching)

  table 35 ("table35"):
    metadata: match=0xffffffffffffffff write=0xffffffffffffffff
    max_entries=1000000
    instructions (table miss and others):
      next tables: 36-253
      (same instructions)
      (same actions)
    (same matching)

  table 36 ("table36"):
    metadata: match=0xffffffffffffffff write=0xffffffffffffffff
    max_entries=1000000
    instructions (table miss and others):
      next tables: 37-253
      (same instructions)
      (same actions)
    (same matching)

  table 37 ("table37"):
    metadata: match=0xffffffffffffffff write=0xffffffffffffffff
    max_entries=1000000
    instructions (table miss and others):
      next tables: 38-253
      (same instructions)
      (same actions)
    (same matching)

  table 38 ("table38"):
    metadata: match=0xffffffffffffffff write=0xffffffffffffffff
    max_entries=1000000
    instructions (table miss and others):
      next tables: 39-253
      (same instructions)
      (same actions)
    (same matching)

  table 39 ("table39"):
    metadata: match=0xffffffffffffffff write=0xffffffffffffffff
    max_entries=1000000
    instructions (table miss and others):
      next tables: 40-253
      (same instructions)
      (same actions)
    (same matching)

  table 40 ("table40"):
    metadata: match=0xffffffffffffffff write=0xffffffffffffffff
    max_entries=1000000
    instructions (table miss and others):
      next tables: 41-253
      (same instructions)
      (same actions)
    (same matching)

  table 41 ("table41"):
    metadata: match=0xffffffffffffffff write=0xffffffffffffffff
    max_entries=1000000
    instructions (table miss and others):
      next tables: 42-253
      (same instructions)
      (same actions)
    (same matching)

  table 42 ("table42"):
    metadata: match=0xffffffffffffffff write=0xffffffffffffffff
    max_entries=1000000
    instructions (table miss and others):
      next tables: 43-253
      (same instructions)
      (same actions)
    (same matching)

  table 43 ("table43"):
    metadata: match=0xffffffffffffffff write=0xffffffffffffffff
    max_entries=1000000
    instructions (table miss and others):
      next tables: 44-253
      (same instructions)
      (same actions)
    (same matching)

  table 44 ("table44"):
    metadata: match=0xffffffffffffffff write=0xffffffffffffffff
    max_entries=1000000
    instructions (table miss and others):
      next tables: 45-253
      (same instructions)
      (same actions)
    (same matching)

  table 45 ("table45"):
    metadata: match=0xffffffffffffffff write=0xffffffffffffffff
    max_entries=1000000
    instructions (table miss and others):
      next tables: 46-253
      (same instructions)
      (same actions)
    (same matching)

  table 46 ("table46"):
    metadata: match=0xffffffffffffffff write=0xffffffffffffffff
    max_entries=1000000
    instructions (table miss and others):
      next tables: 47-253
      (same instructions)
      (same actions)
    (same matching)

  table 47 ("table47"):
    metadata: match=0xffffffffffffffff write=0xffffffffffffffff
    max_entries=1000000
    instructions (table miss and others):
      next tables: 48-253
      (same instructions)
      (same actions)
    (same matching)

  table 48 ("table48"):
    metadata: match=0xffffffffffffffff write=0xffffffffffffffff
    max_entries=1000000
    instructions (table miss and others):
      next tables: 49-253
      (same instructions)
      (same actions)
    (same matching)

  table 49 ("table49"):
    metadata: match=0xffffffffffffffff write=0xffffffffffffffff
    max_entries=1000000
    instructions (table miss and others):
      next tables: 50-253
      (same instructions)
      (same actions)
    (same matching)

  table 50 ("table50"):
    metadata: match=0xffffffffffffffff write=0xffffffffffffffff
    max_entries=1000000
    instructions (table miss and others):
      next tables: 51-253
      (same instructions)
      (same actions)
    (same matching)

  table 51 ("table51"):
    metadata: match=0xffffffffffffffff write=0xffffffffffffffff
    max_entries=1000000
    instructions (table miss and others):
      next tables: 52-253
      (same instructions)
      (same actions)
    (same matching)

  table 52 ("table52"):
    metadata: match=0xffffffffffffffff write=0xffffffffffffffff
    max_entries=1000000
    instructions (table miss and others):
      next tables: 53-253
      (same instructions)
      (same actions)
    (same matching)

  table 53 ("table53"):
    metadata: match=0xffffffffffffffff write=0xffffffffffffffff
    max_entries=1000000
    instructions (table miss and others):
      next tables: 54-253
      (same instructions)
      (same actions)
    (same matching)

  table 54 ("table54"):
    metadata: match=0xffffffffffffffff write=0xffffffffffffffff
    max_entries=1000000
    instructions (table miss and others):
      next tables: 55-253
      (same instructions)
      (same actions)
    (same matching)

  table 55 ("table55"):
    metadata: match=0xffffffffffffffff write=0xffffffffffffffff
    max_entries=1000000
    instructions (table miss and others):
      next tables: 56-253
      (same instructions)
      (same actions)
    (same matching)

  table 56 ("table56"):
    metadata: match=0xffffffffffffffff write=0xffffffffffffffff
    max_entries=1000000
    instructions (table miss and others):
      next tables: 57-253
      (same instructions)
      (same actions)
    (same matching)

  table 57 ("table57"):
    metadata: match=0xffffffffffffffff write=0xffffffffffffffff
    max_entries=1000000
    instructions (table miss and others):
      next tables: 58-253
      (same instructions)
      (same actions)
    (same matching)

  table 58 ("table58"):
    metadata: match=0xffffffffffffffff write=0xffffffffffffffff
    max_entries=1000000
    instructions (table miss and others):
      next tables: 59-253
      (same instructions)
      (same actions)
    (same matching)

  table 59 ("table59"):
    metadata: match=0xffffffffffffffff write=0xffffffffffffffff
    max_entries=1000000
    instructions (table miss and others):
      next tables: 60-253
      (same instructions)
      (same actions)
    (same matching)

  table 60 ("table60"):
    metadata: match=0xffffffffffffffff write=0xffffffffffffffff
    max_entries=1000000
    instructions (table miss and others):
      next tables: 61-253
      (same instructions)
      (same actions)
    (same matching)

  table 61 ("table61"):
    metadata: match=0xffffffffffffffff write=0xffffffffffffffff
    max_entries=1000000
    instructions (table miss and others):
      next tables: 62-253
      (same instructions)
      (same actions)
    (same matching)

  table 62 ("table62"):
    metadata: match=0xffffffffffffffff write=0xffffffffffffffff
    max_entries=1000000
    instructions (table miss and others):
      next tables: 63-253
      (same instructions)
      (same actions)
    (same matching)

  table 63 ("table63"):
    metadata: match=0xffffffffffffffff write=0xffffffffffffffff
    max_entries=1000000
    instructions (table miss and others):
      next tables: 64-253
      (same instructions)
      (same actions)
    (same matching)

  table 64 ("table64"):
    metadata: match=0xffffffffffffffff write=0xffffffffffffffff
    max_entries=1000000
    instructions (table miss and others):
      next tables: 65-253
      (same instructions)
      (same actions)
    (same matching)

  table 65 ("table65"):
    metadata: match=0xffffffffffffffff write=0xffffffffffffffff
    max_entries=1000000
    instructions (table miss and others):
      next tables: 66-253
      (same instructions)
      (same actions)
    (same matching)

  table 66 ("table66"):
    metadata: match=0xffffffffffffffff write=0xffffffffffffffff
    max_entries=1000000
    instructions (table miss and others):
      next tables: 67-253
      (same instructions)
      (same actions)
    (same matching)

  table 67 ("table67"):
    metadata: match=0xffffffffffffffff write=0xffffffffffffffff
    max_entries=1000000
    instructions (table miss and others):
      next tables: 68-253
      (same instructions)
      (same actions)
    (same matching)

  table 68 ("table68"):
    metadata: match=0xffffffffffffffff write=0xffffffffffffffff
    max_entries=1000000
    instructions (table miss and others):
      next tables: 69-253
      (same instructions)
      (same actions)
    (same matching)

  table 69 ("table69"):
    metadata: match=0xffffffffffffffff write=0xffffffffffffffff
    max_entries=1000000
    instructions (table miss and others):
      next tables: 70-253
      (same instructions)
      (same actions)
    (same matching)

  table 70 ("table70"):
    metadata: match=0xffffffffffffffff write=0xffffffffffffffff
    max_entries=1000000
    instructions (table miss and others):
      next tables: 71-253
      (same instructions)
      (same actions)
    (same matching)

  table 71 ("table71"):
    metadata: match=0xffffffffffffffff write=0xffffffffffffffff
    max_entries=1000000
    instructions (table miss and others):
      next tables: 72-253
      (same instructions)
      (same actions)
    (same matching)

  table 72 ("table72"):
    metadata: match=0xffffffffffffffff write=0xffffffffffffffff
    max_entries=1000000
    instructions (table miss and others):
      next tables: 73-253
      (same instructions)
      (same actions)
    (same matching)

  table 73 ("table73"):
    metadata: match=0xffffffffffffffff write=0xffffffffffffffff
    max_entries=1000000
    instructions (table miss and others):
      next tables: 74-253
      (same instructions)
      (same actions)
    (same matching)

  table 74 ("table74"):
    metadata: match=0xffffffffffffffff write=0xffffffffffffffff
    max_entries=1000000
    instructions (table miss and others):
      next tables: 75-253
      (same instructions)
      (same actions)
    (same matching)

  table 75 ("table75"):
    metadata: match=0xffffffffffffffff write=0xffffffffffffffff
    max_entries=1000000
    instructions (table miss and others):
      next tables: 76-253
      (same instructions)
      (same actions)
    (same matching)

  table 76 ("table76"):
    metadata: match=0xffffffffffffffff write=0xffffffffffffffff
    max_entries=1000000
    instructions (table miss and others):
      next tables: 77-253
      (same instructions)
      (same actions)
    (same matching)

  table 77 ("table77"):
    metadata: match=0xffffffffffffffff write=0xffffffffffffffff
    max_entries=1000000
    instructions (table miss and others):
      next tables: 78-253
      (same instructions)
      (same actions)
    (same matching)

  table 78 ("table78"):
    metadata: match=0xffffffffffffffff write=0xffffffffffffffff
    max_entries=1000000
    instructions (table miss and others):
      next tables: 79-253
      (same instructions)
      (same actions)
    (same matching)

  table 79 ("table79"):
    metadata: match=0xffffffffffffffff write=0xffffffffffffffff
    max_entries=1000000
    instructions (table miss and others):
      next tables: 80-253
      (same instructions)
      (same actions)
    (same matching)

  table 80 ("table80"):
    metadata: match=0xffffffffffffffff write=0xffffffffffffffff
    max_entries=1000000
    instructions (table miss and others):
      next tables: 81-253
      (same instructions)
      (same actions)
    (same matching)

  table 81 ("table81"):
    metadata: match=0xffffffffffffffff write=0xffffffffffffffff
    max_entries=1000000
    instructions (table miss and others):
      next tables: 82-253
      (same instructions)
      (same actions)
    (same matching)

  table 82 ("table82"):
    metadata: match=0xffffffffffffffff write=0xffffffffffffffff
    max_entries=1000000
    instructions (table miss and others):
      next tables: 83-253
      (same instructions)
      (same actions)
    (same matching)

  table 83 ("table83"):
    metadata: match=0xffffffffffffffff write=0xffffffffffffffff
    max_entries=1000000
    instructions (table miss and others):
      next tables: 84-253
      (same instructions)
      (same actions)
    (same matching)

  table 84 ("table84"):
    metadata: match=0xffffffffffffffff write=0xffffffffffffffff
    max_entries=1000000
    instructions (table miss and others):
      next tables: 85-253
      (same instructions)
      (same actions)
    (same matching)

  table 85 ("table85"):
    metadata: match=0xffffffffffffffff write=0xffffffffffffffff
    max_entries=1000000
    instructions (table miss and others):
      next tables: 86-253
      (same instructions)
      (same actions)
    (same matching)

  table 86 ("table86"):
    metadata: match=0xffffffffffffffff write=0xffffffffffffffff
    max_entries=1000000
    instructions (table miss and others):
      next tables: 87-253
      (same instructions)
      (same actions)
    (same matching)

  table 87 ("table87"):
    metadata: match=0xffffffffffffffff write=0xffffffffffffffff
    max_entries=1000000
    instructions (table miss and others):
      next tables: 88-253
      (same instructions)
      (same actions)
    (same matching)

  table 88 ("table88"):
    metadata: match=0xffffffffffffffff write=0xffffffffffffffff
    max_entries=1000000
    instructions (table miss and others):
      next tables: 89-253
      (same instructions)
      (same actions)
    (same matching)

  table 89 ("table89"):
    metadata: match=0xffffffffffffffff write=0xffffffffffffffff
    max_entries=1000000
    instructions (table miss and others):
      next tables: 90-253
      (same instructions)
      (same actions)
    (same matching)

  table 90 ("table90"):
    metadata: match=0xffffffffffffffff write=0xffffffffffffffff
    max_entries=1000000
    instructions (table miss and others):
      next tables: 91-253
      (same instructions)
      (same actions)
    (same matching)

  table 91 ("table91"):
    metadata: match=0xffffffffffffffff write=0xffffffffffffffff
    max_entries=1000000
    instructions (table miss and others):
      next tables: 92-253
      (same instructions)
      (same actions)
    (same matching)

  table 92 ("table92"):
    metadata: match=0xffffffffffffffff write=0xffffffffffffffff
    max_entries=1000000
    instructions (table miss and others):
      next tables: 93-253
      (same instructions)
      (same actions)
    (same matching)

  table 93 ("table93"):
    metadata: match=0xffffffffffffffff write=0xffffffffffffffff
    max_entries=1000000
    instructions (table miss and others):
      next tables: 94-253
      (same instructions)
      (same actions)
    (same matching)

  table 94 ("table94"):
    metadata: match=0xffffffffffffffff write=0xffffffffffffffff
    max_entries=1000000
    instructions (table miss and others):
      next tables: 95-253
      (same instructions)
      (same actions)
    (same matching)

  table 95 ("table95"):
    metadata: match=0xffffffffffffffff write=0xffffffffffffffff
    max_entries=1000000
    instructions (table miss and others):
      next tables: 96-253
      (same instructions)
      (same actions)
    (same matching)

  table 96 ("table96"):
    metadata: match=0xffffffffffffffff write=0xffffffffffffffff
    max_entries=1000000
    instructions (table miss and others):
      next tables: 97-253
      (same instructions)
      (same actions)
    (same matching)

  table 97 ("table97"):
    metadata: match=0xffffffffffffffff write=0xffffffffffffffff
    max_entries=1000000
    instructions (table miss and others):
      next tables: 98-253
      (same instructions)
      (same actions)
    (same matching)

  table 98 ("table98"):
    metadata: match=0xffffffffffffffff write=0xffffffffffffffff
    max_entries=1000000
    instructions (table miss and others):
      next tables: 99-253
      (same instructions)
      (same actions)
    (same matching)

  table 99 ("table99"):
    metadata: match=0xffffffffffffffff write=0xffffffffffffffff
    max_entries=1000000
    instructions (table miss and others):
      next tables: 100-253
      (same instructions)
      (same actions)
    (same matching)

  table 100 ("table100"):
    metadata: match=0xffffffffffffffff write=0xffffffffffffffff
    max_entries=1000000
    instructions (table miss and others):
      next tables: 101-253
      (same instructions)
      (same actions)
    (same matching)

  table 101 ("table101"):
    metadata: match=0xffffffffffffffff write=0xffffffffffffffff
    max_entries=1000000
    instructions (table miss and others):
      next tables: 102-253
      (same instructions)
      (same actions)
    (same matching)

  table 102 ("table102"):
    metadata: match=0xffffffffffffffff write=0xffffffffffffffff
    max_entries=1000000
    instructions (table miss and others):
      next tables: 103-253
      (same instructions)
      (same actions)
    (same matching)

  table 103 ("table103"):
    metadata: match=0xffffffffffffffff write=0xffffffffffffffff
    max_entries=1000000
    instructions (table miss and others):
      next tables: 104-253
      (same instructions)
      (same actions)
    (same matching)

  table 104 ("table104"):
    metadata: match=0xffffffffffffffff write=0xffffffffffffffff
    max_entries=1000000
    instructions (table miss and others):
      next tables: 105-253
      (same instructions)
      (same actions)
    (same matching)

  table 105 ("table105"):
    metadata: match=0xffffffffffffffff write=0xffffffffffffffff
    max_entries=1000000
    instructions (table miss and others):
      next tables: 106-253
      (same instructions)
      (same actions)
    (same matching)

  table 106 ("table106"):
    metadata: match=0xffffffffffffffff write=0xffffffffffffffff
    max_entries=1000000
    instructions (table miss and others):
      next tables: 107-253
      (same instructions)
      (same actions)
    (same matching)

  table 107 ("table107"):
    metadata: match=0xffffffffffffffff write=0xffffffffffffffff
    max_entries=1000000
    instructions (table miss and others):
      next tables: 108-253
      (same instructions)
      (same actions)
    (same matching)

  table 108 ("table108"):
    metadata: match=0xffffffffffffffff write=0xffffffffffffffff
    max_entries=1000000
    instructions (table miss and others):
      next tables: 109-253
      (same instructions)
      (same actions)
    (same matching)

  table 109 ("table109"):
    metadata: match=0xffffffffffffffff write=0xffffffffffffffff
    max_entries=1000000
    instructions (table miss and others):
      next tables: 110-253
      (same instructions)
      (same actions)
    (same matching)

  table 110 ("table110"):
    metadata: match=0xffffffffffffffff write=0xffffffffffffffff
    max_entries=1000000
    instructions (table miss and others):
      next tables: 111-253
      (same instructions)
      (same actions)
    (same matching)

  table 111 ("table111"):
    metadata: match=0xffffffffffffffff write=0xffffffffffffffff
    max_entries=1000000
    instructions (table miss and others):
      next tables: 112-253
      (same instructions)
      (same actions)
    (same matching)

  table 112 ("table112"):
    metadata: match=0xffffffffffffffff write=0xffffffffffffffff
    max_entries=1000000
    instructions (table miss and others):
      next tables: 113-253
      (same instructions)
      (same actions)
    (same matching)

  table 113 ("table113"):
    metadata: match=0xffffffffffffffff write=0xffffffffffffffff
    max_entries=1000000
    instructions (table miss and others):
      next tables: 114-253
      (same instructions)
      (same actions)
    (same matching)

  table 114 ("table114"):
    metadata: match=0xffffffffffffffff write=0xffffffffffffffff
    max_entries=1000000
    instructions (table miss and others):
      next tables: 115-253
      (same instructions)
      (same actions)
    (same matching)

  table 115 ("table115"):
    metadata: match=0xffffffffffffffff write=0xffffffffffffffff
    max_entries=1000000
    instructions (table miss and others):
      next tables: 116-253
      (same instructions)
      (same actions)
    (same matching)

  table 116 ("table116"):
    metadata: match=0xffffffffffffffff write=0xffffffffffffffff
    max_entries=1000000
    instructions (table miss and others):
      next tables: 117-253
      (same instructions)
      (same actions)
    (same matching)

  table 117 ("table117"):
    metadata: match=0xffffffffffffffff write=0xffffffffffffffff
    max_entries=1000000
    instructions (table miss and others):
      next tables: 118-253
      (same instructions)
      (same actions)
    (same matching)

  table 118 ("table118"):
    metadata: match=0xffffffffffffffff write=0xffffffffffffffff
    max_entries=1000000
    instructions (table miss and others):
      next tables: 119-253
      (same instructions)
      (same actions)
    (same matching)

  table 119 ("table119"):
    metadata: match=0xffffffffffffffff write=0xffffffffffffffff
    max_entries=1000000
    instructions (table miss and others):
      next tables: 120-253
      (same instructions)
      (same actions)
    (same matching)

  table 120 ("table120"):
    metadata: match=0xffffffffffffffff write=0xffffffffffffffff
    max_entries=1000000
    instructions (table miss and others):
      next tables: 121-253
      (same instructions)
      (same actions)
    (same matching)

  table 121 ("table121"):
    metadata: match=0xffffffffffffffff write=0xffffffffffffffff
    max_entries=1000000
    instructions (table miss and others):
      next tables: 122-253
      (same instructions)
      (same actions)
    (same matching)

  table 122 ("table122"):
    metadata: match=0xffffffffffffffff write=0xffffffffffffffff
    max_entries=1000000
    instructions (table miss and others):
      next tables: 123-253
      (same instructions)
      (same actions)
    (same matching)

  table 123 ("table123"):
    metadata: match=0xffffffffffffffff write=0xffffffffffffffff
    max_entries=1000000
    instructions (table miss and others):
      next tables: 124-253
      (same instructions)
      (same actions)
    (same matching)

  table 124 ("table124"):
    metadata: match=0xffffffffffffffff write=0xffffffffffffffff
    max_entries=1000000
    instructions (table miss and others):
      next tables: 125-253
      (same instructions)
      (same actions)
    (same matching)

  table 125 ("table125"):
    metadata: match=0xffffffffffffffff write=0xffffffffffffffff
    max_entries=1000000
    instructions (table miss and others):
      next tables: 126-253
      (same instructions)
      (same actions)
    (same matching)

  table 126 ("table126"):
    metadata: match=0xffffffffffffffff write=0xffffffffffffffff
    max_entries=1000000
    instructions (table miss and others):
      next tables: 127-253
      (same instructions)
      (same actions)
    (same matching)

  table 127 ("table127"):
    metadata: match=0xffffffffffffffff write=0xffffffffffffffff
    max_entries=1000000
    instructions (table miss and others):
      next tables: 128-253
      (same instructions)
      (same actions)
    (same matching)

  table 128 ("table128"):
    metadata: match=0xffffffffffffffff write=0xffffffffffffffff
    max_entries=1000000
    instructions (table miss and others):
      next tables: 129-253
      (same instructions)
      (same actions)
    (same matching)

  table 129 ("table129"):
    metadata: match=0xffffffffffffffff write=0xffffffffffffffff
    max_entries=1000000
    instructions (table miss and others):
      next tables: 130-253
      (same instructions)
      (same actions)
    (same matching)

  table 130 ("table130"):
    metadata: match=0xffffffffffffffff write=0xffffffffffffffff
    max_entries=1000000
    instructions (table miss and others):
      next tables: 131-253
      (same instructions)
      (same actions)
    (same matching)

  table 131 ("table131"):
    metadata: match=0xffffffffffffffff write=0xffffffffffffffff
    max_entries=1000000
    instructions (table miss and others):
      next tables: 132-253
      (same instructions)
      (same actions)
    (same matching)

  table 132 ("table132"):
    metadata: match=0xffffffffffffffff write=0xffffffffffffffff
    max_entries=1000000
    instructions (table miss and others):
      next tables: 133-253
      (same instructions)
      (same actions)
    (same matching)

  table 133 ("table133"):
    metadata: match=0xffffffffffffffff write=0xffffffffffffffff
    max_entries=1000000
    instructions (table miss and others):
      next tables: 134-253
      (same instructions)
      (same actions)
    (same matching)

  table 134 ("table134"):
    metadata: match=0xffffffffffffffff write=0xffffffffffffffff
    max_entries=1000000
    instructions (table miss and others):
      next tables: 135-253
      (same instructions)
      (same actions)
    (same matching)

  table 135 ("table135"):
    metadata: match=0xffffffffffffffff write=0xffffffffffffffff
    max_entries=1000000
    instructions (table miss and others):
      next tables: 136-253
      (same instructions)
      (same actions)
    (same matching)

  table 136 ("table136"):
    metadata: match=0xffffffffffffffff write=0xffffffffffffffff
    max_entries=1000000
    instructions (table miss and others):
      next tables: 137-253
      (same instructions)
      (same actions)
    (same matching)

  table 137 ("table137"):
    metadata: match=0xffffffffffffffff write=0xffffffffffffffff
    max_entries=1000000
    instructions (table miss and others):
      next tables: 138-253
      (same instructions)
      (same actions)
    (same matching)

  table 138 ("table138"):
    metadata: match=0xffffffffffffffff write=0xffffffffffffffff
    max_entries=1000000
    instructions (table miss and others):
      next tables: 139-253
      (same instructions)
      (same actions)
    (same matching)

  table 139 ("table139"):
    metadata: match=0xffffffffffffffff write=0xffffffffffffffff
    max_entries=1000000
    instructions (table miss and others):
      next tables: 140-253
      (same instructions)
      (same actions)
    (same matching)

  table 140 ("table140"):
    metadata: match=0xffffffffffffffff write=0xffffffffffffffff
    max_entries=1000000
    instructions (table miss and others):
      next tables: 141-253
      (same instructions)
      (same actions)
    (same matching)

  table 141 ("table141"):
    metadata: match=0xffffffffffffffff write=0xffffffffffffffff
    max_entries=1000000
    instructions (table miss and others):
      next tables: 142-253
      (same instructions)
      (same actions)
    (same matching)

  table 142 ("table142"):
    metadata: match=0xffffffffffffffff write=0xffffffffffffffff
    max_entries=1000000
    instructions (table miss and others):
      next tables: 143-253
      (same instructions)
      (same actions)
    (same matching)

  table 143 ("table143"):
    metadata: match=0xffffffffffffffff write=0xffffffffffffffff
    max_entries=1000000
    instructions (table miss and others):
      next tables: 144-253
      (same instructions)
      (same actions)
    (same matching)

  table 144 ("table144"):
    metadata: match=0xffffffffffffffff write=0xffffffffffffffff
    max_entries=1000000
    instructions (table miss and others):
      next tables: 145-253
      (same instructions)
      (same actions)
    (same matching)

  table 145 ("table145"):
    metadata: match=0xffffffffffffffff write=0xffffffffffffffff
    max_entries=1000000
    instructions (table miss and others):
      next tables: 146-253
      (same instructions)
      (same actions)
    (same matching)

  table 146 ("table146"):
    metadata: match=0xffffffffffffffff write=0xffffffffffffffff
    max_entries=1000000
    instructions (table miss and others):
      next tables: 147-253
      (same instructions)
      (same actions)
    (same matching)

  table 147 ("table147"):
    metadata: match=0xffffffffffffffff write=0xffffffffffffffff
    max_entries=1000000
    instructions (table miss and others):
      next tables: 148-253
      (same instructions)
      (same actions)
    (same matching)

  table 148 ("table148"):
    metadata: match=0xffffffffffffffff write=0xffffffffffffffff
    max_entries=1000000
    instructions (table miss and others):
      next tables: 149-253
      (same instructions)
      (same actions)
    (same matching)

  table 149 ("table149"):
    metadata: match=0xffffffffffffffff write=0xffffffffffffffff
    max_entries=1000000
    instructions (table miss and others):
      next tables: 150-253
      (same instructions)
      (same actions)
    (same matching)

  table 150 ("table150"):
    metadata: match=0xffffffffffffffff write=0xffffffffffffffff
    max_entries=1000000
    instructions (table miss and others):
      next tables: 151-253
      (same instructions)
      (same actions)
    (same matching)

  table 151 ("table151"):
    metadata: match=0xffffffffffffffff write=0xffffffffffffffff
    max_entries=1000000
    instructions (table miss and others):
      next tables: 152-253
      (same instructions)
      (same actions)
    (same matching)

  table 152 ("table152"):
    metadata: match=0xffffffffffffffff write=0xffffffffffffffff
    max_entries=1000000
    instructions (table miss and others):
      next tables: 153-253
      (same instructions)
      (same actions)
    (same matching)

  table 153 ("table153"):
    metadata: match=0xffffffffffffffff write=0xffffffffffffffff
    max_entries=1000000
    instructions (table miss and others):
      next tables: 154-253
      (same instructions)
      (same actions)
    (same matching)

  table 154 ("table154"):
    metadata: match=0xffffffffffffffff write=0xffffffffffffffff
    max_entries=1000000
    instructions (table miss and others):
      next tables: 155-253
      (same instructions)
      (same actions)
    (same matching)

  table 155 ("table155"):
    metadata: match=0xffffffffffffffff write=0xffffffffffffffff
    max_entries=1000000
    instructions (table miss and others):
      next tables: 156-253
      (same instructions)
      (same actions)
    (same matching)

  table 156 ("table156"):
    metadata: match=0xffffffffffffffff write=0xffffffffffffffff
    max_entries=1000000
    instructions (table miss and others):
      next tables: 157-253
      (same instructions)
      (same actions)
    (same matching)

  table 157 ("table157"):
    metadata: match=0xffffffffffffffff write=0xffffffffffffffff
    max_entries=1000000
    instructions (table miss and others):
      next tables: 158-253
      (same instructions)
      (same actions)
    (same matching)

  table 158 ("table158"):
    metadata: match=0xffffffffffffffff write=0xffffffffffffffff
    max_entries=1000000
    instructions (table miss and others):
      next tables: 159-253
      (same instructions)
      (same actions)
    (same matching)

  table 159 ("table159"):
    metadata: match=0xffffffffffffffff write=0xffffffffffffffff
    max_entries=1000000
    instructions (table miss and others):
      next tables: 160-253
      (same instructions)
      (same actions)
    (same matching)

  table 160 ("table160"):
    metadata: match=0xffffffffffffffff write=0xffffffffffffffff
    max_entries=1000000
    instructions (table miss and others):
      next tables: 161-253
      (same instructions)
      (same actions)
    (same matching)

  table 161 ("table161"):
    metadata: match=0xffffffffffffffff write=0xffffffffffffffff
    max_entries=1000000
    instructions (table miss and others):
      next tables: 162-253
      (same instructions)
      (same actions)
    (same matching)

  table 162 ("table162"):
    metadata: match=0xffffffffffffffff write=0xffffffffffffffff
    max_entries=1000000
    instructions (table miss and others):
      next tables: 163-253
      (same instructions)
      (same actions)
    (same matching)

  table 163 ("table163"):
    metadata: match=0xffffffffffffffff write=0xffffffffffffffff
    max_entries=1000000
    instructions (table miss and others):
      next tables: 164-253
      (same instructions)
      (same actions)
    (same matching)

  table 164 ("table164"):
    metadata: match=0xffffffffffffffff write=0xffffffffffffffff
    max_entries=1000000
    instructions (table miss and others):
      next tables: 165-253
      (same instructions)
      (same actions)
    (same matching)

  table 165 ("table165"):
    metadata: match=0xffffffffffffffff write=0xffffffffffffffff
    max_entries=1000000
    instructions (table miss and others):
      next tables: 166-253
      (same instructions)
      (same actions)
    (same matching)

  table 166 ("table166"):
    metadata: match=0xffffffffffffffff write=0xffffffffffffffff
    max_entries=1000000
    instructions (table miss and others):
      next tables: 167-253
      (same instructions)
      (same actions)
    (same matching)

  table 167 ("table167"):
    metadata: match=0xffffffffffffffff write=0xffffffffffffffff
    max_entries=1000000
    instructions (table miss and others):
      next tables: 168-253
      (same instructions)
      (same actions)
    (same matching)

  table 168 ("table168"):
    metadata: match=0xffffffffffffffff write=0xffffffffffffffff
    max_entries=1000000
    instructions (table miss and others):
      next tables: 169-253
      (same instructions)
      (same actions)
    (same matching)

  table 169 ("table169"):
    metadata: match=0xffffffffffffffff write=0xffffffffffffffff
    max_entries=1000000
    instructions (table miss and others):
      next tables: 170-253
      (same instructions)
      (same actions)
    (same matching)

  table 170 ("table170"):
    metadata: match=0xffffffffffffffff write=0xffffffffffffffff
    max_entries=1000000
    instructions (table miss and others):
      next tables: 171-253
      (same instructions)
      (same actions)
    (same matching)

  table 171 ("table171"):
    metadata: match=0xffffffffffffffff write=0xffffffffffffffff
    max_entries=1000000
    instructions (table miss and others):
      next tables: 172-253
      (same instructions)
      (same actions)
    (same matching)

  table 172 ("table172"):
    metadata: match=0xffffffffffffffff write=0xffffffffffffffff
    max_entries=1000000
    instructions (table miss and others):
      next tables: 173-253
      (same instructions)
      (same actions)
    (same matching)

  table 173 ("table173"):
    metadata: match=0xffffffffffffffff write=0xffffffffffffffff
    max_entries=1000000
    instructions (table miss and others):
      next tables: 174-253
      (same instructions)
      (same actions)
    (same matching)

  table 174 ("table174"):
    metadata: match=0xffffffffffffffff write=0xffffffffffffffff
    max_entries=1000000
    instructions (table miss and others):
      next tables: 175-253
      (same instructions)
      (same actions)
    (same matching)

  table 175 ("table175"):
    metadata: match=0xffffffffffffffff write=0xffffffffffffffff
    max_entries=1000000
    instructions (table miss and others):
      next tables: 176-253
      (same instructions)
      (same actions)
    (same matching)

  table 176 ("table176"):
    metadata: match=0xffffffffffffffff write=0xffffffffffffffff
    max_entries=1000000
    instructions (table miss and others):
      next tables: 177-253
      (same instructions)
      (same actions)
    (same matching)

  table 177 ("table177"):
    metadata: match=0xffffffffffffffff write=0xffffffffffffffff
    max_entries=1000000
    instructions (table miss and others):
      next tables: 178-253
      (same instructions)
      (same actions)
    (same matching)

  table 178 ("table178"):
    metadata: match=0xffffffffffffffff write=0xffffffffffffffff
    max_entries=1000000
    instructions (table miss and others):
      next tables: 179-253
      (same instructions)
      (same actions)
    (same matching)

  table 179 ("table179"):
    metadata: match=0xffffffffffffffff write=0xffffffffffffffff
    max_entries=1000000
    instructions (table miss and others):
      next tables: 180-253
      (same instructions)
      (same actions)
    (same matching)

  table 180 ("table180"):
    metadata: match=0xffffffffffffffff write=0xffffffffffffffff
    max_entries=1000000
    instructions (table miss and others):
      next tables: 181-253
      (same instructions)
      (same actions)
    (same matching)

  table 181 ("table181"):
    metadata: match=0xffffffffffffffff write=0xffffffffffffffff
    max_entries=1000000
    instructions (table miss and others):
      next tables: 182-253
      (same instructions)
      (same actions)
    (same matching)

  table 182 ("table182"):
    metadata: match=0xffffffffffffffff write=0xffffffffffffffff
    max_entries=1000000
    instructions (table miss and others):
      next tables: 183-253
      (same instructions)
      (same actions)
    (same matching)

  table 183 ("table183"):
    metadata: match=0xffffffffffffffff write=0xffffffffffffffff
    max_entries=1000000
    instructions (table miss and others):
      next tables: 184-253
      (same instructions)
      (same actions)
    (same matching)

  table 184 ("table184"):
    metadata: match=0xffffffffffffffff write=0xffffffffffffffff
    max_entries=1000000
    instructions (table miss and others):
      next tables: 185-253
      (same instructions)
      (same actions)
    (same matching)

  table 185 ("table185"):
    metadata: match=0xffffffffffffffff write=0xffffffffffffffff
    max_entries=1000000
    instructions (table miss and others):
      next tables: 186-253
      (same instructions)
      (same actions)
    (same matching)

  table 186 ("table186"):
    metadata: match=0xffffffffffffffff write=0xffffffffffffffff
    max_entries=1000000
    instructions (table miss and others):
      next tables: 187-253
      (same instructions)
      (same actions)
    (same matching)

  table 187 ("table187"):
    metadata: match=0xffffffffffffffff write=0xffffffffffffffff
    max_entries=1000000
    instructions (table miss and others):
      next tables: 188-253
      (same instructions)
      (same actions)
    (same matching)

  table 188 ("table188"):
    metadata: match=0xffffffffffffffff write=0xffffffffffffffff
    max_entries=1000000
    instructions (table miss and others):
      next tables: 189-253
      (same instructions)
      (same actions)
    (same matching)

  table 189 ("table189"):
    metadata: match=0xffffffffffffffff write=0xffffffffffffffff
    max_entries=1000000
    instructions (table miss and others):
      next tables: 190-253
      (same instructions)
      (same actions)
    (same matching)

  table 190 ("table190"):
    metadata: match=0xffffffffffffffff write=0xffffffffffffffff
    max_entries=1000000
    instructions (table miss and others):
      next tables: 191-253
      (same instructions)
      (same actions)
    (same matching)

  table 191 ("table191"):
    metadata: match=0xffffffffffffffff write=0xffffffffffffffff
    max_entries=1000000
    instructions (table miss and others):
      next tables: 192-253
      (same instructions)
      (same actions)
    (same matching)

  table 192 ("table192"):
    metadata: match=0xffffffffffffffff write=0xffffffffffffffff
    max_entries=1000000
    instructions (table miss and others):
      next tables: 193-253
      (same instructions)
      (same actions)
    (same matching)

  table 193 ("table193"):
    metadata: match=0xffffffffffffffff write=0xffffffffffffffff
    max_entries=1000000
    instructions (table miss and others):
      next tables: 194-253
      (same instructions)
      (same actions)
    (same matching)

  table 194 ("table194"):
    metadata: match=0xffffffffffffffff write=0xffffffffffffffff
    max_entries=1000000
    instructions (table miss and others):
      next tables: 195-253
      (same instructions)
      (same actions)
    (same matching)

  table 195 ("table195"):
    metadata: match=0xffffffffffffffff write=0xffffffffffffffff
    max_entries=1000000
    instructions (table miss and others):
      next tables: 196-253
      (same instructions)
      (same actions)
    (same matching)

  table 196 ("table196"):
    metadata: match=0xffffffffffffffff write=0xffffffffffffffff
    max_entries=1000000
    instructions (table miss and others):
      next tables: 197-253
      (same instructions)
      (same actions)
    (same matching)

  table 197 ("table197"):
    metadata: match=0xffffffffffffffff write=0xffffffffffffffff
    max_entries=1000000
    instructions (table miss and others):
      next tables: 198-253
      (same instructions)
      (same actions)
    (same matching)

  table 198 ("table198"):
    metadata: match=0xffffffffffffffff write=0xffffffffffffffff
    max_entries=1000000
    instructions (table miss and others):
      next tables: 199-253
      (same instructions)
      (same actions)
    (same matching)

  table 199 ("table199"):
    metadata: match=0xffffffffffffffff write=0xffffffffffffffff
    max_entries=1000000
    instructions (table miss and others):
      next tables: 200-253
      (same instructions)
      (same actions)
    (same matching)

  table 200 ("table200"):
    metadata: match=0xffffffffffffffff write=0xffffffffffffffff
    max_entries=1000000
    instructions (table miss and others):
      next tables: 201-253
      (same instructions)
      (same actions)
    (same matching)

  table 201 ("table201"):
    metadata: match=0xffffffffffffffff write=0xffffffffffffffff
    max_entries=1000000
    instructions (table miss and others):
      next tables: 202-253
      (same instructions)
      (same actions)
    (same matching)

  table 202 ("table202"):
    metadata: match=0xffffffffffffffff write=0xffffffffffffffff
    max_entries=1000000
    instructions (table miss and others):
      next tables: 203-253
      (same instructions)
      (same actions)
    (same matching)

  table 203 ("table203"):
    metadata: match=0xffffffffffffffff write=0xffffffffffffffff
    max_entries=1000000
    instructions (table miss and others):
      next tables: 204-253
      (same instructions)
      (same actions)
    (same matching)

  table 204 ("table204"):
    metadata: match=0xffffffffffffffff write=0xffffffffffffffff
    max_entries=1000000
    instructions (table miss and others):
      next tables: 205-253
      (same instructions)
      (same actions)
    (same matching)

  table 205 ("table205"):
    metadata: match=0xffffffffffffffff write=0xffffffffffffffff
    max_entries=1000000
    instructions (table miss and others):
      next tables: 206-253
      (same instructions)
      (same actions)
    (same matching)

  table 206 ("table206"):
    metadata: match=0xffffffffffffffff write=0xffffffffffffffff
    max_entries=1000000
    instructions (table miss and others):
      next tables: 207-253
      (same instructions)
      (same actions)
    (same matching)

  table 207 ("table207"):
    metadata: match=0xffffffffffffffff write=0xffffffffffffffff
    max_entries=1000000
    instructions (table miss and others):
      next tables: 208-253
      (same instructions)
      (same actions)
    (same matching)

  table 208 ("table208"):
    metadata: match=0xffffffffffffffff write=0xffffffffffffffff
    max_entries=1000000
    instructions (table miss and others):
      next tables: 209-253
      (same instructions)
      (same actions)
    (same matching)

  table 209 ("table209"):
    metadata: match=0xffffffffffffffff write=0xffffffffffffffff
    max_entries=1000000
    instructions (table miss and others):
      next tables: 210-253
      (same instructions)
      (same actions)
    (same matching)

  table 210 ("table210"):
    metadata: match=0xffffffffffffffff write=0xffffffffffffffff
    max_entries=1000000
    instructions (table miss and others):
      next tables: 211-253
      (same instructions)
      (same actions)
    (same matching)

  table 211 ("table211"):
    metadata: match=0xffffffffffffffff write=0xffffffffffffffff
    max_entries=1000000
    instructions (table miss and others):
      next tables: 212-253
      (same instructions)
      (same actions)
    (same matching)

  table 212 ("table212"):
    metadata: match=0xffffffffffffffff write=0xffffffffffffffff
    max_entries=1000000
    instructions (table miss and others):
      next tables: 213-253
      (same instructions)
      (same actions)
    (same matching)

  table 213 ("table213"):
    metadata: match=0xffffffffffffffff write=0xffffffffffffffff
    max_entries=1000000
    instructions (table miss and others):
      next tables: 214-253
      (same instructions)
      (same actions)
    (same matching)

  table 214 ("table214"):
    metadata: match=0xffffffffffffffff write=0xffffffffffffffff
    max_entries=1000000
    instructions (table miss and others):
      next tables: 215-253
      (same instructions)
      (same actions)
    (same matching)

  table 215 ("table215"):
    metadata: match=0xffffffffffffffff write=0xffffffffffffffff
    max_entries=1000000
    instructions (table miss and others):
      next tables: 216-253
      (same instructions)
      (same actions)
    (same matching)

  table 216 ("table216"):
    metadata: match=0xffffffffffffffff write=0xffffffffffffffff
    max_entries=1000000
    instructions (table miss and others):
      next tables: 217-253
      (same instructions)
      (same actions)
    (same matching)

  table 217 ("table217"):
    metadata: match=0xffffffffffffffff write=0xffffffffffffffff
    max_entries=1000000
    instructions (table miss and others):
      next tables: 218-253
      (same instructions)
      (same actions)
    (same matching)

  table 218 ("table218"):
    metadata: match=0xffffffffffffffff write=0xffffffffffffffff
    max_entries=1000000
    instructions (table miss and others):
      next tables: 219-253
      (same instructions)
      (same actions)
    (same matching)

  table 219 ("table219"):
    metadata: match=0xffffffffffffffff write=0xffffffffffffffff
    max_entries=1000000
    instructions (table miss and others):
      next tables: 220-253
      (same instructions)
      (same actions)
    (same matching)

  table 220 ("table220"):
    metadata: match=0xffffffffffffffff write=0xffffffffffffffff
    max_entries=1000000
    instructions (table miss and others):
      next tables: 221-253
      (same instructions)
      (same actions)
    (same matching)

  table 221 ("table221"):
    metadata: match=0xffffffffffffffff write=0xffffffffffffffff
    max_entries=1000000
    instructions (table miss and others):
      next tables: 222-253
      (same instructions)
      (same actions)
    (same matching)

  table 222 ("table222"):
    metadata: match=0xffffffffffffffff write=0xffffffffffffffff
    max_entries=1000000
    instructions (table miss and others):
      next tables: 223-253
      (same instructions)
      (same actions)
    (same matching)

  table 223 ("table223"):
    metadata: match=0xffffffffffffffff write=0xffffffffffffffff
    max_entries=1000000
    instructions (table miss and others):
      next tables: 224-253
      (same instructions)
      (same actions)
    (same matching)

  table 224 ("table224"):
    metadata: match=0xffffffffffffffff write=0xffffffffffffffff
    max_entries=1000000
    instructions (table miss and others):
      next tables: 225-253
      (same instructions)
      (same actions)
    (same matching)

  table 225 ("table225"):
    metadata: match=0xffffffffffffffff write=0xffffffffffffffff
    max_entries=1000000
    instructions (table miss and others):
      next tables: 226-253
      (same instructions)
      (same actions)
    (same matching)

  table 226 ("table226"):
    metadata: match=0xffffffffffffffff write=0xffffffffffffffff
    max_entries=1000000
    instructions (table miss and others):
      next tables: 227-253
      (same instructions)
      (same actions)
    (same matching)

  table 227 ("table227"):
    metadata: match=0xffffffffffffffff write=0xffffffffffffffff
    max_entries=1000000
    instructions (table miss and others):
      next tables: 228-253
      (same instructions)
      (same actions)
    (same matching)

  table 228 ("table228"):
    metadata: match=0xffffffffffffffff write=0xffffffffffffffff
    max_entries=1000000
    instructions (table miss and others):
      next tables: 229-253
      (same instructions)
      (same actions)
    (same matching)

  table 229 ("table229"):
    metadata: match=0xffffffffffffffff write=0xffffffffffffffff
    max_entries=1000000
    instructions (table miss and others):
      next tables: 230-253
      (same instructions)
      (same actions)
    (same matching)

  table 230 ("table230"):
    metadata: match=0xffffffffffffffff write=0xffffffffffffffff
    max_entries=1000000
    instructions (table miss and others):
      next tables: 231-253
      (same instructions)
      (same actions)
    (same matching)

  table 231 ("table231"):
    metadata: match=0xffffffffffffffff write=0xffffffffffffffff
    max_entries=1000000
    instructions (table miss and others):
      next tables: 232-253
      (same instructions)
      (same actions)
    (same matching)

  table 232 ("table232"):
    metadata: match=0xffffffffffffffff write=0xffffffffffffffff
    max_entries=1000000
    instructions (table miss and others):
      next tables: 233-253
      (same instructions)
      (same actions)
    (same matching)

  table 233 ("table233"):
    metadata: match=0xffffffffffffffff write=0xffffffffffffffff
    max_entries=1000000
    instructions (table miss and others):
      next tables: 234-253
      (same instructions)
      (same actions)
    (same matching)

  table 234 ("table234"):
    metadata: match=0xffffffffffffffff write=0xffffffffffffffff
    max_entries=1000000
    instructions (table miss and others):
      next tables: 235-253
      (same instructions)
      (same actions)
    (same matching)

  table 235 ("table235"):
    metadata: match=0xffffffffffffffff write=0xffffffffffffffff
    max_entries=1000000
    instructions (table miss and others):
      next tables: 236-253
      (same instructions)
      (same actions)
    (same matching)

  table 236 ("table236"):
    metadata: match=0xffffffffffffffff write=0xffffffffffffffff
    max_entries=1000000
    instructions (table miss and others):
      next tables: 237-253
      (same instructions)
      (same actions)
    (same matching)

  table 237 ("table237"):
    metadata: match=0xffffffffffffffff write=0xffffffffffffffff
    max_entries=1000000
    instructions (table miss and others):
      next tables: 238-253
      (same instructions)
      (same actions)
    (same matching)

  table 238 ("table238"):
    metadata: match=0xffffffffffffffff write=0xffffffffffffffff
    max_entries=1000000
    instructions (table miss and others):
      next tables: 239-253
      (same instructions)
      (same actions)
    (same matching)

  table 239 ("table239"):
    metadata: match=0xffffffffffffffff write=0xffffffffffffffff
    max_entries=1000000
    instructions (table miss and others):
      next tables: 240-253
      (same instructions)
      (same actions)
    (same matching)

  table 240 ("table240"):
    metadata: match=0xffffffffffffffff write=0xffffffffffffffff
    max_entries=1000000
    instructions (table miss and others):
      next tables: 241-253
      (same instructions)
      (same actions)
    (same matching)

  table 241 ("table241"):
    metadata: match=0xffffffffffffffff write=0xffffffffffffffff
    max_entries=1000000
    instructions (table miss and others):
      next tables: 242-253
      (same instructions)
      (same actions)
    (same matching)

  table 242 ("table242"):
    metadata: match=0xffffffffffffffff write=0xffffffffffffffff
    max_entries=1000000
    instructions (table miss and others):
      next tables: 243-253
      (same instructions)
      (same actions)
    (same matching)

  table 243 ("table243"):
    metadata: match=0xffffffffffffffff write=0xffffffffffffffff
    max_entries=1000000
    instructions (table miss and others):
      next tables: 244-253
      (same instructions)
      (same actions)
    (same matching)

  table 244 ("table244"):
    metadata: match=0xffffffffffffffff write=0xffffffffffffffff
    max_entries=1000000
    instructions (table miss and others):
      next tables: 245-253
      (same instructions)
      (same actions)
    (same matching)

  table 245 ("table245"):
    metadata: match=0xffffffffffffffff write=0xffffffffffffffff
    max_entries=1000000
    instructions (table miss and others):
      next tables: 246-253
      (same instructions)
      (same actions)
    (same matching)

  table 246 ("table246"):
    metadata: match=0xffffffffffffffff write=0xffffffffffffffff
    max_entries=1000000
    instructions (table miss and others):
      next tables: 247-253
      (same instructions)
      (same actions)
    (same matching)

  table 247 ("table247"):
    metadata: match=0xffffffffffffffff write=0xffffffffffffffff
    max_entries=1000000
    instructions (table miss and others):
      next tables: 248-253
      (same instructions)
      (same actions)
    (same matching)

  table 248 ("table248"):
    metadata: match=0xffffffffffffffff write=0xffffffffffffffff
    max_entries=1000000
    instructions (table miss and others):
      next tables: 249-253
      (same instructions)
      (same actions)
    (same matching)

  table 249 ("table249"):
    metadata: match=0xffffffffffffffff write=0xffffffffffffffff
    max_entries=1000000
    instructions (table miss and others):
      next tables: 250-253
      (same instructions)
      (same actions)
    (same matching)

  table 250 ("table250"):
    metadata: match=0xffffffffffffffff write=0xffffffffffffffff
    max_entries=1000000
    instructions (table miss and others):
      next tables: 251-253
      (same instructions)
      (same actions)
    (same matching)

  table 251 ("table251"):
    metadata: match=0xffffffffffffffff write=0xffffffffffffffff
    max_entries=1000000
    instructions (table miss and others):
      next tables: 252-253
      (same instructions)
      (same actions)
    (same matching)

  table 252 ("table252"):
    metadata: match=0xffffffffffffffff write=0xffffffffffffffff
    max_entries=1000000
    instructions (table miss and others):
      next tables: 253
      (same instructions)
      (same actions)
    (same matching)

  table 253 ("table253"):
    metadata: match=0xffffffffffffffff write=0xffffffffffffffff
    max_entries=1000000
    instructions (table miss and others):
      instructions: meter,apply_actions,clear_actions,write_actions,write_metadata
      (same actions)
    (same matching)

